<?xml version="1.0" encoding="UTF-8"?>
<!-- Generated by org.testng.reporters.JUnitReportReporter -->
<testsuite hostname="LAPTOP-L2UC04HQ" failures="0" tests="2" name="JobsAPI.JobsPut" time="0.455" errors="0" timestamp="2022-02-22T14:30:51 EST" skipped="0">
  <testcase classname="JobsAPI.JobsPut" name="updateJob" time="0.229"/>
  <system-out/>
  <testcase classname="JobsAPI.JobsPut" name="updateJob" time="0.226"/>
  <system-out/>
</testsuite> <!-- JobsAPI.JobsPut -->
