<?xml version="1.0" encoding="UTF-8"?>
<!-- Generated by org.testng.reporters.JUnitReportReporter -->
<testsuite hostname="LAPTOP-L2UC04HQ" failures="0" tests="1" name="lmsAPI.LMSProgDelete" time="0.306" errors="0" timestamp="2022-02-22T14:27:47 EST" skipped="0">
  <testcase classname="lmsAPI.LMSProgDelete" name="deleteProgram" time="0.306"/>
  <system-out/>
</testsuite> <!-- lmsAPI.LMSProgDelete -->
