<?xml version="1.0" encoding="UTF-8"?>
<!-- Generated by org.testng.reporters.JUnitReportReporter -->
<testsuite hostname="LAPTOP-L2UC04HQ" failures="0" tests="2" name="JobsAPI.JobsGet" time="2.204" errors="0" timestamp="2022-02-22T16:53:41 EST" skipped="1">
  <testcase classname="JobsAPI.JobsGet" name="getAllDetails" time="2.204"/>
  <system-out/>
  <testcase classname="JobsAPI.JobsGet" name="testJsonSchema">
    <skipped/>
  </testcase> <!-- testJsonSchema -->
  <system-out/>
</testsuite> <!-- JobsAPI.JobsGet -->
