<?xml version="1.0" encoding="UTF-8"?>
<!-- Generated by org.testng.reporters.JUnitReportReporter -->
<testsuite hostname="LAPTOP-L2UC04HQ" failures="0" tests="4" name="lmsAPI.LMSProgDetails" time="3.896" errors="0" timestamp="2022-02-10T18:49:40 EST" skipped="0">
  <testcase classname="lmsAPI.LMSProgDetails" name="getAllDetails" time="2.355"/>
  <system-out/>
  <testcase classname="lmsAPI.LMSProgDetails" name="createNewProgram" time="0.867"/>
  <system-out/>
  <testcase classname="lmsAPI.LMSProgDetails" name="updateProgram" time="0.382"/>
  <system-out/>
  <testcase classname="lmsAPI.LMSProgDetails" name="deleteProgram" time="0.292"/>
  <system-out/>
</testsuite> <!-- lmsAPI.LMSProgDetails -->
