<?xml version="1.0" encoding="UTF-8"?>
<!-- Generated by org.testng.reporters.JUnitReportReporter -->
<testsuite hostname="LAPTOP-L2UC04HQ" failures="0" tests="1" name="JobsAPI.JobsPostPath" time="2.004" errors="0" timestamp="2022-02-22T18:32:27 EST" skipped="0">
  <testcase classname="JobsAPI.JobsPostPath" name="createNewJob" time="2.004"/>
  <system-out/>
</testsuite> <!-- JobsAPI.JobsPostPath -->
