<?xml version="1.0" encoding="UTF-8"?>
<!-- Generated by org.testng.reporters.JUnitReportReporter -->
<testsuite hostname="LAPTOP-L2UC04HQ" failures="0" tests="1" name="lmsAPI.LMSProgPut" time="0.431" errors="0" timestamp="2022-02-22T14:27:47 EST" skipped="0">
  <testcase classname="lmsAPI.LMSProgPut" name="updateProgram" time="0.431"/>
  <system-out/>
</testsuite> <!-- lmsAPI.LMSProgPut -->
