<?xml version="1.0" encoding="UTF-8"?>
<!-- Generated by org.testng.reporters.JUnitReportReporter -->
<testsuite hostname="LAPTOP-L2UC04HQ" failures="0" tests="2" name="lmsAPI.LMSProgGet" time="2.641" errors="0" timestamp="2022-02-22T14:27:47 EST" skipped="1">
  <testcase classname="lmsAPI.LMSProgGet" name="getAllDetails" time="2.641"/>
  <system-out/>
  <testcase classname="lmsAPI.LMSProgGet" name="testJsonSchema">
    <skipped/>
  </testcase> <!-- testJsonSchema -->
  <system-out/>
</testsuite> <!-- lmsAPI.LMSProgGet -->
